This is pdfTeX, Version 3.14159265-2.6-1.40.21 (MiKTeX 20.7) (preloaded format=pdflatex 2020.8.6)  3 FEB 2021 14:27
entering extended mode
**./main.tex
(main.tex
LaTeX2e <2020-02-02> patch level 5
L3 programming layer <2020-07-17>
(C:\Users\valborg\AppData\Local\Programs\MiKTeX\tex/latex/base\book.cls
Document Class: book 2019/12/20 v1.4l Standard LaTeX document class
(C:\Users\valborg\AppData\Local\Programs\MiKTeX\tex/latex/base\fleqn.clo
File: fleqn.clo 2016/12/29 v1.2b Standard LaTeX option (flush left equations)
\mathindent=\dimen134
Applying: [2015/01/01] Make \[ robust on input line 50.
LaTeX Info: Redefining \[ on input line 51.
Already applied: [0000/00/00] Make \[ robust on input line 62.
Applying: [2015/01/01] Make \] robust on input line 74.
LaTeX Info: Redefining \] on input line 75.
Already applied: [0000/00/00] Make \] robust on input line 83.
)
(C:\Users\valborg\AppData\Local\Programs\MiKTeX\tex/latex/base\bk11.clo
File: bk11.clo 2019/12/20 v1.4l Standard LaTeX file (size option)
)
\c@part=\count168
\c@chapter=\count169
\c@section=\count170
\c@subsection=\count171
\c@subsubsection=\count172
\c@paragraph=\count173
\c@subparagraph=\count174
\c@figure=\count175
\c@table=\count176
\abovecaptionskip=\skip47
\belowcaptionskip=\skip48
\bibindent=\dimen135
)
(structure.tex
(C:\Users\valborg\AppData\Local\Programs\MiKTeX\tex/latex/graphics\graphicx.sty
Package: graphicx 2019/11/30 v1.2a Enhanced LaTeX Graphics (DPC,SPQR)
(C:\Users\valborg\AppData\Local\Programs\MiKTeX\tex/latex/graphics\keyval.sty
Package: keyval 2014/10/28 v1.15 key=value parser (DPC)
\KV@toks@=\toks15
)
(C:\Users\valborg\AppData\Local\Programs\MiKTeX\tex/latex/graphics\graphics.sty
Package: graphics 2019/11/30 v1.4a Standard LaTeX Graphics (DPC,SPQR)
(C:\Users\valborg\AppData\Local\Programs\MiKTeX\tex/latex/graphics\trig.sty
Package: trig 2016/01/03 v1.10 sin cos tan (DPC)
)
(C:\Users\valborg\AppData\Local\Programs\MiKTeX\tex/latex/graphics-cfg\graphics
.cfg
File: graphics.cfg 2016/06/04 v1.11 sample graphics configuration
)
Package graphics Info: Driver file: pdftex.def on input line 105.

(C:\Users\valborg\AppData\Local\Programs\MiKTeX\tex/latex/graphics-def\pdftex.d
ef
File: pdftex.def 2018/01/08 v1.0l Graphics/color driver for pdftex
))
\Gin@req@height=\dimen136
\Gin@req@width=\dimen137
)
(C:\Users\valborg\AppData\Local\Programs\MiKTeX\tex/latex/lipsum\lipsum.sty
(C:\Users\valborg\AppData\Local\Programs\MiKTeX\tex/latex/l3kernel\expl3.sty
Package: expl3 2020-07-17 L3 programming layer (loader) 

(C:\Users\valborg\AppData\Local\Programs\MiKTeX\tex/latex/l3backend\l3backend-p
dfmode.def
File: l3backend-pdfmode.def 2020-06-29 L3 backend support: PDF mode
\l__kernel_color_stack_int=\count177
\l__pdf_internal_box=\box45
))
(C:\Users\valborg\AppData\Local\Programs\MiKTeX\tex/latex/l3packages/xparse\xpa
rse.sty
Package: xparse 2020-05-15 L3 Experimental document command parser

(C:\Users\valborg\AppData\Local\Programs\MiKTeX\tex/latex/l3packages/xparse\xpa
rse-generic.tex
\l__xparse_current_arg_int=\count178
\g__xparse_grabber_int=\count179
\l__xparse_m_args_int=\count180
\l__xparse_v_nesting_int=\count181
))
Package: lipsum 2019/01/02 v2.2 150 paragraphs of Lorem Ipsum dummy text

(C:\Users\valborg\AppData\Local\Programs\MiKTeX\tex/latex/lipsum\lipsum.ltd.tex
File: lipsum.ltd.tex 2019/01/02 v2.2 The Lorem ipsum dummy text
))
(C:\Users\valborg\AppData\Local\Programs\MiKTeX\tex/latex/pgf/frontendlayer\tik
z.sty
(C:\Users\valborg\AppData\Local\Programs\MiKTeX\tex/latex/pgf/basiclayer\pgf.st
y
(C:\Users\valborg\AppData\Local\Programs\MiKTeX\tex/latex/pgf/utilities\pgfrcs.
sty
(C:\Users\valborg\AppData\Local\Programs\MiKTeX\tex/generic/pgf/utilities\pgfut
il-common.tex
\pgfutil@everybye=\toks16
\pgfutil@tempdima=\dimen138
\pgfutil@tempdimb=\dimen139

(C:\Users\valborg\AppData\Local\Programs\MiKTeX\tex/generic/pgf/utilities\pgfut
il-common-lists.tex))
(C:\Users\valborg\AppData\Local\Programs\MiKTeX\tex/generic/pgf/utilities\pgfut
il-latex.def
\pgfutil@abb=\box46

(C:\Users\valborg\AppData\Local\Programs\MiKTeX\tex/latex/ms\everyshi.sty
Package: everyshi 2001/05/15 v3.00 EveryShipout Package (MS)
))
(C:\Users\valborg\AppData\Local\Programs\MiKTeX\tex/generic/pgf/utilities\pgfrc
s.code.tex
(C:\Users\valborg\AppData\Local\Programs\MiKTeX\tex/generic/pgf\pgf.revision.te
x)
Package: pgfrcs 2020/01/08 v3.1.5b (3.1.5b)
))
Package: pgf 2020/01/08 v3.1.5b (3.1.5b)

(C:\Users\valborg\AppData\Local\Programs\MiKTeX\tex/latex/pgf/basiclayer\pgfcor
e.sty
(C:\Users\valborg\AppData\Local\Programs\MiKTeX\tex/latex/pgf/systemlayer\pgfsy
s.sty
(C:\Users\valborg\AppData\Local\Programs\MiKTeX\tex/generic/pgf/systemlayer\pgf
sys.code.tex
Package: pgfsys 2020/01/08 v3.1.5b (3.1.5b)

(C:\Users\valborg\AppData\Local\Programs\MiKTeX\tex/generic/pgf/utilities\pgfke
ys.code.tex
\pgfkeys@pathtoks=\toks17
\pgfkeys@temptoks=\toks18

(C:\Users\valborg\AppData\Local\Programs\MiKTeX\tex/generic/pgf/utilities\pgfke
ysfiltered.code.tex
\pgfkeys@tmptoks=\toks19
))
\pgf@x=\dimen140
\pgf@y=\dimen141
\pgf@xa=\dimen142
\pgf@ya=\dimen143
\pgf@xb=\dimen144
\pgf@yb=\dimen145
\pgf@xc=\dimen146
\pgf@yc=\dimen147
\pgf@xd=\dimen148
\pgf@yd=\dimen149
\w@pgf@writea=\write3
\r@pgf@reada=\read2
\c@pgf@counta=\count182
\c@pgf@countb=\count183
\c@pgf@countc=\count184
\c@pgf@countd=\count185
\t@pgf@toka=\toks20
\t@pgf@tokb=\toks21
\t@pgf@tokc=\toks22
\pgf@sys@id@count=\count186

(C:\Users\valborg\AppData\Local\Programs\MiKTeX\tex/generic/pgf/systemlayer\pgf
.cfg
File: pgf.cfg 2020/01/08 v3.1.5b (3.1.5b)
)
Driver file for pgf: pgfsys-pdftex.def

(C:\Users\valborg\AppData\Local\Programs\MiKTeX\tex/generic/pgf/systemlayer\pgf
sys-pdftex.def
File: pgfsys-pdftex.def 2020/01/08 v3.1.5b (3.1.5b)

(C:\Users\valborg\AppData\Local\Programs\MiKTeX\tex/generic/pgf/systemlayer\pgf
sys-common-pdf.def
File: pgfsys-common-pdf.def 2020/01/08 v3.1.5b (3.1.5b)
)))
(C:\Users\valborg\AppData\Local\Programs\MiKTeX\tex/generic/pgf/systemlayer\pgf
syssoftpath.code.tex
File: pgfsyssoftpath.code.tex 2020/01/08 v3.1.5b (3.1.5b)
\pgfsyssoftpath@smallbuffer@items=\count187
\pgfsyssoftpath@bigbuffer@items=\count188
)
(C:\Users\valborg\AppData\Local\Programs\MiKTeX\tex/generic/pgf/systemlayer\pgf
sysprotocol.code.tex
File: pgfsysprotocol.code.tex 2020/01/08 v3.1.5b (3.1.5b)
))
(C:\Users\valborg\AppData\Local\Programs\MiKTeX\tex/latex/xcolor\xcolor.sty
Package: xcolor 2016/05/11 v2.12 LaTeX color extensions (UK)

(C:\Users\valborg\AppData\Local\Programs\MiKTeX\tex/latex/graphics-cfg\color.cf
g
File: color.cfg 2016/01/02 v1.6 sample color configuration
)
Package xcolor Info: Driver file: pdftex.def on input line 225.
Package xcolor Info: Model `cmy' substituted by `cmy0' on input line 1348.
Package xcolor Info: Model `hsb' substituted by `rgb' on input line 1352.
Package xcolor Info: Model `RGB' extended on input line 1364.
Package xcolor Info: Model `HTML' substituted by `rgb' on input line 1366.
Package xcolor Info: Model `Hsb' substituted by `hsb' on input line 1367.
Package xcolor Info: Model `tHsb' substituted by `hsb' on input line 1368.
Package xcolor Info: Model `HSB' substituted by `hsb' on input line 1369.
Package xcolor Info: Model `Gray' substituted by `gray' on input line 1370.
Package xcolor Info: Model `wave' substituted by `hsb' on input line 1371.
)
(C:\Users\valborg\AppData\Local\Programs\MiKTeX\tex/generic/pgf/basiclayer\pgfc
ore.code.tex
Package: pgfcore 2020/01/08 v3.1.5b (3.1.5b)

(C:\Users\valborg\AppData\Local\Programs\MiKTeX\tex/generic/pgf/math\pgfmath.co
de.tex
(C:\Users\valborg\AppData\Local\Programs\MiKTeX\tex/generic/pgf/math\pgfmathcal
c.code.tex
(C:\Users\valborg\AppData\Local\Programs\MiKTeX\tex/generic/pgf/math\pgfmathuti
l.code.tex)
(C:\Users\valborg\AppData\Local\Programs\MiKTeX\tex/generic/pgf/math\pgfmathpar
ser.code.tex
\pgfmath@dimen=\dimen150
\pgfmath@count=\count189
\pgfmath@box=\box47
\pgfmath@toks=\toks23
\pgfmath@stack@operand=\toks24
\pgfmath@stack@operation=\toks25
)
(C:\Users\valborg\AppData\Local\Programs\MiKTeX\tex/generic/pgf/math\pgfmathfun
ctions.code.tex
(C:\Users\valborg\AppData\Local\Programs\MiKTeX\tex/generic/pgf/math\pgfmathfun
ctions.basic.code.tex)
(C:\Users\valborg\AppData\Local\Programs\MiKTeX\tex/generic/pgf/math\pgfmathfun
ctions.trigonometric.code.tex)
(C:\Users\valborg\AppData\Local\Programs\MiKTeX\tex/generic/pgf/math\pgfmathfun
ctions.random.code.tex)
(C:\Users\valborg\AppData\Local\Programs\MiKTeX\tex/generic/pgf/math\pgfmathfun
ctions.comparison.code.tex)
(C:\Users\valborg\AppData\Local\Programs\MiKTeX\tex/generic/pgf/math\pgfmathfun
ctions.base.code.tex)
(C:\Users\valborg\AppData\Local\Programs\MiKTeX\tex/generic/pgf/math\pgfmathfun
ctions.round.code.tex)
(C:\Users\valborg\AppData\Local\Programs\MiKTeX\tex/generic/pgf/math\pgfmathfun
ctions.misc.code.tex)
(C:\Users\valborg\AppData\Local\Programs\MiKTeX\tex/generic/pgf/math\pgfmathfun
ctions.integerarithmetics.code.tex)))
(C:\Users\valborg\AppData\Local\Programs\MiKTeX\tex/generic/pgf/math\pgfmathflo
at.code.tex
\c@pgfmathroundto@lastzeros=\count190
))
(C:\Users\valborg\AppData\Local\Programs\MiKTeX\tex/generic/pgf/math\pgfint.cod
e.tex)
(C:\Users\valborg\AppData\Local\Programs\MiKTeX\tex/generic/pgf/basiclayer\pgfc
orepoints.code.tex
File: pgfcorepoints.code.tex 2020/01/08 v3.1.5b (3.1.5b)
\pgf@picminx=\dimen151
\pgf@picmaxx=\dimen152
\pgf@picminy=\dimen153
\pgf@picmaxy=\dimen154
\pgf@pathminx=\dimen155
\pgf@pathmaxx=\dimen156
\pgf@pathminy=\dimen157
\pgf@pathmaxy=\dimen158
\pgf@xx=\dimen159
\pgf@xy=\dimen160
\pgf@yx=\dimen161
\pgf@yy=\dimen162
\pgf@zx=\dimen163
\pgf@zy=\dimen164
)
(C:\Users\valborg\AppData\Local\Programs\MiKTeX\tex/generic/pgf/basiclayer\pgfc
orepathconstruct.code.tex
File: pgfcorepathconstruct.code.tex 2020/01/08 v3.1.5b (3.1.5b)
\pgf@path@lastx=\dimen165
\pgf@path@lasty=\dimen166
)
(C:\Users\valborg\AppData\Local\Programs\MiKTeX\tex/generic/pgf/basiclayer\pgfc
orepathusage.code.tex
File: pgfcorepathusage.code.tex 2020/01/08 v3.1.5b (3.1.5b)
\pgf@shorten@end@additional=\dimen167
\pgf@shorten@start@additional=\dimen168
)
(C:\Users\valborg\AppData\Local\Programs\MiKTeX\tex/generic/pgf/basiclayer\pgfc
orescopes.code.tex
File: pgfcorescopes.code.tex 2020/01/08 v3.1.5b (3.1.5b)
\pgfpic=\box48
\pgf@hbox=\box49
\pgf@layerbox@main=\box50
\pgf@picture@serial@count=\count191
)
(C:\Users\valborg\AppData\Local\Programs\MiKTeX\tex/generic/pgf/basiclayer\pgfc
oregraphicstate.code.tex
File: pgfcoregraphicstate.code.tex 2020/01/08 v3.1.5b (3.1.5b)
\pgflinewidth=\dimen169
)
(C:\Users\valborg\AppData\Local\Programs\MiKTeX\tex/generic/pgf/basiclayer\pgfc
oretransformations.code.tex
File: pgfcoretransformations.code.tex 2020/01/08 v3.1.5b (3.1.5b)
\pgf@pt@x=\dimen170
\pgf@pt@y=\dimen171
\pgf@pt@temp=\dimen172
)
(C:\Users\valborg\AppData\Local\Programs\MiKTeX\tex/generic/pgf/basiclayer\pgfc
orequick.code.tex
File: pgfcorequick.code.tex 2020/01/08 v3.1.5b (3.1.5b)
)
(C:\Users\valborg\AppData\Local\Programs\MiKTeX\tex/generic/pgf/basiclayer\pgfc
oreobjects.code.tex
File: pgfcoreobjects.code.tex 2020/01/08 v3.1.5b (3.1.5b)
)
(C:\Users\valborg\AppData\Local\Programs\MiKTeX\tex/generic/pgf/basiclayer\pgfc
orepathprocessing.code.tex
File: pgfcorepathprocessing.code.tex 2020/01/08 v3.1.5b (3.1.5b)
)
(C:\Users\valborg\AppData\Local\Programs\MiKTeX\tex/generic/pgf/basiclayer\pgfc
orearrows.code.tex
File: pgfcorearrows.code.tex 2020/01/08 v3.1.5b (3.1.5b)
\pgfarrowsep=\dimen173
)
(C:\Users\valborg\AppData\Local\Programs\MiKTeX\tex/generic/pgf/basiclayer\pgfc
oreshade.code.tex
File: pgfcoreshade.code.tex 2020/01/08 v3.1.5b (3.1.5b)
\pgf@max=\dimen174
\pgf@sys@shading@range@num=\count192
\pgf@shadingcount=\count193
)
(C:\Users\valborg\AppData\Local\Programs\MiKTeX\tex/generic/pgf/basiclayer\pgfc
oreimage.code.tex
File: pgfcoreimage.code.tex 2020/01/08 v3.1.5b (3.1.5b)

(C:\Users\valborg\AppData\Local\Programs\MiKTeX\tex/generic/pgf/basiclayer\pgfc
oreexternal.code.tex
File: pgfcoreexternal.code.tex 2020/01/08 v3.1.5b (3.1.5b)
\pgfexternal@startupbox=\box51
))
(C:\Users\valborg\AppData\Local\Programs\MiKTeX\tex/generic/pgf/basiclayer\pgfc
orelayers.code.tex
File: pgfcorelayers.code.tex 2020/01/08 v3.1.5b (3.1.5b)
)
(C:\Users\valborg\AppData\Local\Programs\MiKTeX\tex/generic/pgf/basiclayer\pgfc
oretransparency.code.tex
File: pgfcoretransparency.code.tex 2020/01/08 v3.1.5b (3.1.5b)
)
(C:\Users\valborg\AppData\Local\Programs\MiKTeX\tex/generic/pgf/basiclayer\pgfc
orepatterns.code.tex
File: pgfcorepatterns.code.tex 2020/01/08 v3.1.5b (3.1.5b)
)
(C:\Users\valborg\AppData\Local\Programs\MiKTeX\tex/generic/pgf/basiclayer\pgfc
orerdf.code.tex
File: pgfcorerdf.code.tex 2020/01/08 v3.1.5b (3.1.5b)
)))
(C:\Users\valborg\AppData\Local\Programs\MiKTeX\tex/generic/pgf/modules\pgfmodu
leshapes.code.tex
File: pgfmoduleshapes.code.tex 2020/01/08 v3.1.5b (3.1.5b)
\pgfnodeparttextbox=\box52
)
(C:\Users\valborg\AppData\Local\Programs\MiKTeX\tex/generic/pgf/modules\pgfmodu
leplot.code.tex
File: pgfmoduleplot.code.tex 2020/01/08 v3.1.5b (3.1.5b)
)
(C:\Users\valborg\AppData\Local\Programs\MiKTeX\tex/latex/pgf/compatibility\pgf
comp-version-0-65.sty
Package: pgfcomp-version-0-65 2020/01/08 v3.1.5b (3.1.5b)
\pgf@nodesepstart=\dimen175
\pgf@nodesepend=\dimen176
)
(C:\Users\valborg\AppData\Local\Programs\MiKTeX\tex/latex/pgf/compatibility\pgf
comp-version-1-18.sty
Package: pgfcomp-version-1-18 2020/01/08 v3.1.5b (3.1.5b)
))
(C:\Users\valborg\AppData\Local\Programs\MiKTeX\tex/latex/pgf/utilities\pgffor.
sty
(C:\Users\valborg\AppData\Local\Programs\MiKTeX\tex/latex/pgf/utilities\pgfkeys
.sty
(C:\Users\valborg\AppData\Local\Programs\MiKTeX\tex/generic/pgf/utilities\pgfke
ys.code.tex))
(C:\Users\valborg\AppData\Local\Programs\MiKTeX\tex/latex/pgf/math\pgfmath.sty
(C:\Users\valborg\AppData\Local\Programs\MiKTeX\tex/generic/pgf/math\pgfmath.co
de.tex))
(C:\Users\valborg\AppData\Local\Programs\MiKTeX\tex/generic/pgf/utilities\pgffo
r.code.tex
Package: pgffor 2020/01/08 v3.1.5b (3.1.5b)

(C:\Users\valborg\AppData\Local\Programs\MiKTeX\tex/generic/pgf/math\pgfmath.co
de.tex)
\pgffor@iter=\dimen177
\pgffor@skip=\dimen178
\pgffor@stack=\toks26
\pgffor@toks=\toks27
))
(C:\Users\valborg\AppData\Local\Programs\MiKTeX\tex/generic/pgf/frontendlayer/t
ikz\tikz.code.tex
Package: tikz 2020/01/08 v3.1.5b (3.1.5b)

(C:\Users\valborg\AppData\Local\Programs\MiKTeX\tex/generic/pgf/libraries\pgfli
braryplothandlers.code.tex
File: pgflibraryplothandlers.code.tex 2020/01/08 v3.1.5b (3.1.5b)
\pgf@plot@mark@count=\count194
\pgfplotmarksize=\dimen179
)
\tikz@lastx=\dimen180
\tikz@lasty=\dimen181
\tikz@lastxsaved=\dimen182
\tikz@lastysaved=\dimen183
\tikz@lastmovetox=\dimen184
\tikz@lastmovetoy=\dimen185
\tikzleveldistance=\dimen186
\tikzsiblingdistance=\dimen187
\tikz@figbox=\box53
\tikz@figbox@bg=\box54
\tikz@tempbox=\box55
\tikz@tempbox@bg=\box56
\tikztreelevel=\count195
\tikznumberofchildren=\count196
\tikznumberofcurrentchild=\count197
\tikz@fig@count=\count198

(C:\Users\valborg\AppData\Local\Programs\MiKTeX\tex/generic/pgf/modules\pgfmodu
lematrix.code.tex
File: pgfmodulematrix.code.tex 2020/01/08 v3.1.5b (3.1.5b)
\pgfmatrixcurrentrow=\count199
\pgfmatrixcurrentcolumn=\count266
\pgf@matrix@numberofcolumns=\count267
)
\tikz@expandcount=\count268

(C:\Users\valborg\AppData\Local\Programs\MiKTeX\tex/generic/pgf/frontendlayer/t
ikz/libraries\tikzlibrarytopaths.code.tex
File: tikzlibrarytopaths.code.tex 2020/01/08 v3.1.5b (3.1.5b)
)))
(C:\Users\valborg\AppData\Local\Programs\MiKTeX\tex/generic/pgf/frontendlayer/t
ikz/libraries\tikzlibraryshapes.geometric.code.tex
File: tikzlibraryshapes.geometric.code.tex 2020/01/08 v3.1.5b (3.1.5b)

(C:\Users\valborg\AppData\Local\Programs\MiKTeX\tex/generic/pgf/libraries/shape
s\pgflibraryshapes.geometric.code.tex
File: pgflibraryshapes.geometric.code.tex 2020/01/08 v3.1.5b (3.1.5b)
))
(C:\Users\valborg\AppData\Local\Programs\MiKTeX\tex/generic/pgf/frontendlayer/t
ikz/libraries\tikzlibraryarrows.code.tex
File: tikzlibraryarrows.code.tex 2020/01/08 v3.1.5b (3.1.5b)

(C:\Users\valborg\AppData\Local\Programs\MiKTeX\tex/generic/pgf/libraries\pgfli
braryarrows.code.tex
File: pgflibraryarrows.code.tex 2020/01/08 v3.1.5b (3.1.5b)
\arrowsize=\dimen188
))
(C:\Users\valborg\AppData\Local\Programs\MiKTeX\tex/latex/enumitem\enumitem.sty
Package: enumitem 2019/06/20 v3.9 Customized lists
\labelindent=\skip49
\enit@outerparindent=\dimen189
\enit@toks=\toks28
\enit@inbox=\box57
\enit@count@id=\count269
\enitdp@description=\count270
)
(C:\Users\valborg\AppData\Local\Programs\MiKTeX\tex/latex/booktabs\booktabs.sty
Package: booktabs 2020/01/12 v1.61803398 Publication quality tables
\heavyrulewidth=\dimen190
\lightrulewidth=\dimen191
\cmidrulewidth=\dimen192
\belowrulesep=\dimen193
\belowbottomsep=\dimen194
\aboverulesep=\dimen195
\abovetopsep=\dimen196
\cmidrulesep=\dimen197
\cmidrulekern=\dimen198
\defaultaddspace=\dimen199
\@cmidla=\count271
\@cmidlb=\count272
\@aboverulesep=\dimen256
\@belowrulesep=\dimen257
\@thisruleclass=\count273
\@lastruleclass=\count274
\@thisrulewidth=\dimen258
)
(C:\Users\valborg\AppData\Local\Programs\MiKTeX\tex/latex/geometry\geometry.sty
Package: geometry 2020/01/02 v5.9 Page Geometry
(C:\Users\valborg\AppData\Local\Programs\MiKTeX\tex/generic/iftex\ifvtex.sty
Package: ifvtex 2019/10/25 v1.7 ifvtex legacy package. Use iftex instead.

(C:\Users\valborg\AppData\Local\Programs\MiKTeX\tex/generic/iftex\iftex.sty
Package: iftex 2020/03/06 v1.0d TeX engine tests
))
\Gm@cnth=\count275
\Gm@cntv=\count276
\c@Gm@tempcnt=\count277
\Gm@bindingoffset=\dimen259
\Gm@wd@mp=\dimen260
\Gm@odd@mp=\dimen261
\Gm@even@mp=\dimen262
\Gm@layoutwidth=\dimen263
\Gm@layoutheight=\dimen264
\Gm@layouthoffset=\dimen265
\Gm@layoutvoffset=\dimen266
\Gm@dimlist=\toks29

(C:\Users\valborg\AppData\Local\Programs\MiKTeX\tex/latex/geometry\geometry.cfg
)) (C:\Users\valborg\AppData\Local\Programs\MiKTeX\tex/latex/psnfss\avant.sty
Package: avant 2020/03/25 PSNFSS-v9.3 (SPQR) 
)
(C:\Users\valborg\AppData\Local\Programs\MiKTeX\tex/latex/psnfss\mathptmx.sty
Package: mathptmx 2020/03/25 PSNFSS-v9.3 Times w/ Math, improved (SPQR, WaS) 
LaTeX Font Info:    Redeclaring symbol font `operators' on input line 28.
LaTeX Font Info:    Overwriting symbol font `operators' in version `normal'
(Font)                  OT1/cmr/m/n --> OT1/ztmcm/m/n on input line 28.
LaTeX Font Info:    Overwriting symbol font `operators' in version `bold'
(Font)                  OT1/cmr/bx/n --> OT1/ztmcm/m/n on input line 28.
LaTeX Font Info:    Redeclaring symbol font `letters' on input line 29.
LaTeX Font Info:    Overwriting symbol font `letters' in version `normal'
(Font)                  OML/cmm/m/it --> OML/ztmcm/m/it on input line 29.
LaTeX Font Info:    Overwriting symbol font `letters' in version `bold'
(Font)                  OML/cmm/b/it --> OML/ztmcm/m/it on input line 29.
LaTeX Font Info:    Redeclaring symbol font `symbols' on input line 30.
LaTeX Font Info:    Overwriting symbol font `symbols' in version `normal'
(Font)                  OMS/cmsy/m/n --> OMS/ztmcm/m/n on input line 30.
LaTeX Font Info:    Overwriting symbol font `symbols' in version `bold'
(Font)                  OMS/cmsy/b/n --> OMS/ztmcm/m/n on input line 30.
LaTeX Font Info:    Redeclaring symbol font `largesymbols' on input line 31.
LaTeX Font Info:    Overwriting symbol font `largesymbols' in version `normal'
(Font)                  OMX/cmex/m/n --> OMX/ztmcm/m/n on input line 31.
LaTeX Font Info:    Overwriting symbol font `largesymbols' in version `bold'
(Font)                  OMX/cmex/m/n --> OMX/ztmcm/m/n on input line 31.
\symbold=\mathgroup4
\symitalic=\mathgroup5
LaTeX Font Info:    Redeclaring math alphabet \mathbf on input line 34.
LaTeX Font Info:    Overwriting math alphabet `\mathbf' in version `normal'
(Font)                  OT1/cmr/bx/n --> OT1/ptm/bx/n on input line 34.
LaTeX Font Info:    Overwriting math alphabet `\mathbf' in version `bold'
(Font)                  OT1/cmr/bx/n --> OT1/ptm/bx/n on input line 34.
LaTeX Font Info:    Redeclaring math alphabet \mathit on input line 35.
LaTeX Font Info:    Overwriting math alphabet `\mathit' in version `normal'
(Font)                  OT1/cmr/m/it --> OT1/ptm/m/it on input line 35.
LaTeX Font Info:    Overwriting math alphabet `\mathit' in version `bold'
(Font)                  OT1/cmr/bx/it --> OT1/ptm/m/it on input line 35.
LaTeX Info: Redefining \hbar on input line 50.
)
(C:\Users\valborg\AppData\Local\Programs\MiKTeX\tex/latex/microtype\microtype.s
ty
Package: microtype 2019/11/18 v2.7d Micro-typographical refinements (RS)
\MT@toks=\toks30
\MT@count=\count278
LaTeX Info: Redefining \textls on input line 790.
\MT@outer@kern=\dimen267
LaTeX Info: Redefining \textmicrotypecontext on input line 1354.
\MT@listname@count=\count279

(C:\Users\valborg\AppData\Local\Programs\MiKTeX\tex/latex/microtype\microtype-p
dftex.def
File: microtype-pdftex.def 2019/11/18 v2.7d Definitions specific to pdftex (RS)

LaTeX Info: Redefining \lsstyle on input line 914.
LaTeX Info: Redefining \lslig on input line 914.
\MT@outer@space=\skip50
)
Package microtype Info: Loading configuration file microtype.cfg.

(C:\Users\valborg\AppData\Local\Programs\MiKTeX\tex/latex/microtype\microtype.c
fg
File: microtype.cfg 2019/11/18 v2.7d microtype main configuration file (RS)
))
(C:\Users\valborg\AppData\Local\Programs\MiKTeX\tex/latex/base\inputenc.sty
Package: inputenc 2018/08/11 v1.3c Input encoding file
\inpenc@prehook=\toks31
\inpenc@posthook=\toks32
)
(C:\Users\valborg\AppData\Local\Programs\MiKTeX\tex/latex/base\fontenc.sty
Package: fontenc 2020/02/11 v2.0o Standard LaTeX package
LaTeX Font Info:    Trying to load font information for T1+ptm on input line 11
2.

(C:\Users\valborg\AppData\Local\Programs\MiKTeX\tex/latex/psnfss\t1ptm.fd
File: t1ptm.fd 2001/06/04 font definitions for T1/ptm.
))
(C:\Users\valborg\AppData\Local\Programs\MiKTeX\tex/latex/biblatex\biblatex.sty
Package: biblatex 2019/12/01 v3.14 programmable bibliographies (PK/MW)

(C:\Users\valborg\AppData\Local\Programs\MiKTeX\tex/generic/pdftexcmds\pdftexcm
ds.sty
Package: pdftexcmds 2020-06-27 v0.33 Utility functions of pdfTeX for LuaTeX (HO
)

(C:\Users\valborg\AppData\Local\Programs\MiKTeX\tex/generic/infwarerr\infwarerr
.sty
Package: infwarerr 2019/12/03 v1.5 Providing info/warning/error messages (HO)
)
(C:\Users\valborg\AppData\Local\Programs\MiKTeX\tex/generic/ltxcmds\ltxcmds.sty
Package: ltxcmds 2019/12/15 v1.24 LaTeX kernel commands for general use (HO)
)
Package pdftexcmds Info: \pdf@primitive is available.
Package pdftexcmds Info: \pdf@ifprimitive is available.
Package pdftexcmds Info: \pdfdraftmode found.
)
(C:\Users\valborg\AppData\Local\Programs\MiKTeX\tex/latex/etoolbox\etoolbox.sty
Package: etoolbox 2020/07/15 v2.5i e-TeX tools for LaTeX (JAW)
\etb@tempcnta=\count280
)
(C:\Users\valborg\AppData\Local\Programs\MiKTeX\tex/latex/kvoptions\kvoptions.s
ty
Package: kvoptions 2019/11/29 v3.13 Key value format for package options (HO)

(C:\Users\valborg\AppData\Local\Programs\MiKTeX\tex/generic/kvsetkeys\kvsetkeys
.sty
Package: kvsetkeys 2019/12/15 v1.18 Key value parser (HO)
))
(C:\Users\valborg\AppData\Local\Programs\MiKTeX\tex/latex/logreq\logreq.sty
Package: logreq 2010/08/04 v1.0 xml request logger
\lrq@indent=\count281

(C:\Users\valborg\AppData\Local\Programs\MiKTeX\tex/latex/logreq\logreq.def
File: logreq.def 2010/08/04 v1.0 logreq spec v1.0
))
(C:\Users\valborg\AppData\Local\Programs\MiKTeX\tex/latex/base\ifthen.sty
Package: ifthen 2014/09/29 v1.1c Standard LaTeX ifthen package (DPC)
)
(C:\Users\valborg\AppData\Local\Programs\MiKTeX\tex/latex/url\url.sty
\Urlmuskip=\muskip16
Package: url 2013/09/16  ver 3.4  Verb mode for urls, etc.
)
\c@tabx@nest=\count282
\c@listtotal=\count283
\c@listcount=\count284
\c@liststart=\count285
\c@liststop=\count286
\c@citecount=\count287
\c@citetotal=\count288
\c@multicitecount=\count289
\c@multicitetotal=\count290
\c@instcount=\count291
\c@maxnames=\count292
\c@minnames=\count293
\c@maxitems=\count294
\c@minitems=\count295
\c@citecounter=\count296
\c@maxcitecounter=\count297
\c@savedcitecounter=\count298
\c@uniquelist=\count299
\c@uniquename=\count300
\c@refsection=\count301
\c@refsegment=\count302
\c@maxextratitle=\count303
\c@maxextratitleyear=\count304
\c@maxextraname=\count305
\c@maxextradate=\count306
\c@maxextraalpha=\count307
\c@abbrvpenalty=\count308
\c@highnamepenalty=\count309
\c@lownamepenalty=\count310
\c@maxparens=\count311
\c@parenlevel=\count312
\blx@tempcnta=\count313
\blx@tempcntb=\count314
\blx@tempcntc=\count315
\blx@maxsection=\count316
\blx@maxsegment@0=\count317
\blx@notetype=\count318
\blx@parenlevel@text=\count319
\blx@parenlevel@foot=\count320
\blx@sectionciteorder@0=\count321
\blx@entrysetcounter=\count322
\labelnumberwidth=\skip51
\labelalphawidth=\skip52
\biblabelsep=\skip53
\bibitemsep=\skip54
\bibnamesep=\skip55
\bibinitsep=\skip56
\bibparsep=\skip57
\bibhang=\skip58
\blx@bcfin=\read3
\blx@bcfout=\write4
\blx@langwohyphens=\language79
\c@mincomprange=\count323
\c@maxcomprange=\count324
\c@mincompwidth=\count325
Package biblatex Info: Trying to load biblatex default data model...
Package biblatex Info: ... file 'blx-dm.def' found.

(C:\Users\valborg\AppData\Local\Programs\MiKTeX\tex/latex/biblatex\blx-dm.def
File: blx-dm.def 2019/12/01 v3.14 biblatex localization (PK/MW)
)
Package biblatex Info: Trying to load biblatex style data model...
Package biblatex Info: ... file 'numeric.dbx' not found.
Package biblatex Info: Trying to load biblatex custom data model...
Package biblatex Info: ... file 'biblatex-dm.cfg' not found.
\c@afterword=\count326
\c@savedafterword=\count327
\c@annotator=\count328
\c@savedannotator=\count329
\c@author=\count330
\c@savedauthor=\count331
\c@bookauthor=\count332
\c@savedbookauthor=\count333
\c@commentator=\count334
\c@savedcommentator=\count335
\c@editor=\count336
\c@savededitor=\count337
\c@editora=\count338
\c@savededitora=\count339
\c@editorb=\count340
\c@savededitorb=\count341
\c@editorc=\count342
\c@savededitorc=\count343
\c@foreword=\count344
\c@savedforeword=\count345
\c@holder=\count346
\c@savedholder=\count347
\c@introduction=\count348
\c@savedintroduction=\count349
\c@namea=\count350
\c@savednamea=\count351
\c@nameb=\count352
\c@savednameb=\count353
\c@namec=\count354
\c@savednamec=\count355
\c@translator=\count356
\c@savedtranslator=\count357
\c@shortauthor=\count358
\c@savedshortauthor=\count359
\c@shorteditor=\count360
\c@savedshorteditor=\count361
\c@labelname=\count362
\c@savedlabelname=\count363
\c@institution=\count364
\c@savedinstitution=\count365
\c@lista=\count366
\c@savedlista=\count367
\c@listb=\count368
\c@savedlistb=\count369
\c@listc=\count370
\c@savedlistc=\count371
\c@listd=\count372
\c@savedlistd=\count373
\c@liste=\count374
\c@savedliste=\count375
\c@listf=\count376
\c@savedlistf=\count377
\c@location=\count378
\c@savedlocation=\count379
\c@organization=\count380
\c@savedorganization=\count381
\c@origlocation=\count382
\c@savedoriglocation=\count383
\c@origpublisher=\count384
\c@savedorigpublisher=\count385
\c@publisher=\count386
\c@savedpublisher=\count387
\c@language=\count388
\c@savedlanguage=\count389
\c@origlanguage=\count390
\c@savedoriglanguage=\count391
\c@pageref=\count392
\c@savedpageref=\count393
\shorthandwidth=\skip59
\shortjournalwidth=\skip60
\shortserieswidth=\skip61
\shorttitlewidth=\skip62
\shortauthorwidth=\skip63
\shorteditorwidth=\skip64
\locallabelnumberwidth=\skip65
\locallabelalphawidth=\skip66
\localshorthandwidth=\skip67
\localshortjournalwidth=\skip68
\localshortserieswidth=\skip69
\localshorttitlewidth=\skip70
\localshortauthorwidth=\skip71
\localshorteditorwidth=\skip72
Package biblatex Info: Trying to load compatibility code...
Package biblatex Info: ... file 'blx-compat.def' found.

(C:\Users\valborg\AppData\Local\Programs\MiKTeX\tex/latex/biblatex\blx-compat.d
ef
File: blx-compat.def 2019/12/01 v3.14 biblatex compatibility (PK/MW)
)
Package biblatex Info: Trying to load generic definitions...
Package biblatex Info: ... file 'biblatex.def' found.

(C:\Users\valborg\AppData\Local\Programs\MiKTeX\tex/latex/biblatex\biblatex.def
File: biblatex.def 2019/12/01 v3.14 biblatex compatibility (PK/MW)
\c@textcitecount=\count394
\c@textcitetotal=\count395
\c@textcitemaxnames=\count396
\c@biburlbigbreakpenalty=\count397
\c@biburlbreakpenalty=\count398
\c@biburlnumpenalty=\count399
\c@biburlucpenalty=\count400
\c@biburllcpenalty=\count401
\biburlbigskip=\muskip17
\biburlnumskip=\muskip18
\biburlucskip=\muskip19
\biburllcskip=\muskip20
\c@smartand=\count402
)
Package biblatex Info: Trying to load bibliography style 'numeric'...
Package biblatex Info: ... file 'numeric.bbx' found.

(C:\Users\valborg\AppData\Local\Programs\MiKTeX\tex/latex/biblatex/bbx\numeric.
bbx
File: numeric.bbx 2019/12/01 v3.14 biblatex bibliography style (PK/MW)
Package biblatex Info: Trying to load bibliography style 'standard'...
Package biblatex Info: ... file 'standard.bbx' found.

(C:\Users\valborg\AppData\Local\Programs\MiKTeX\tex/latex/biblatex/bbx\standard
.bbx
File: standard.bbx 2019/12/01 v3.14 biblatex bibliography style (PK/MW)
\c@bbx:relatedcount=\count403
\c@bbx:relatedtotal=\count404
))
Package biblatex Info: Trying to load citation style 'numeric'...
Package biblatex Info: ... file 'numeric.cbx' found.

(C:\Users\valborg\AppData\Local\Programs\MiKTeX\tex/latex/biblatex/cbx\numeric.
cbx
File: numeric.cbx 2019/12/01 v3.14 biblatex citation style (PK/MW)
Package biblatex Info: Redefining '\cite'.
Package biblatex Info: Redefining '\parencite'.
Package biblatex Info: Redefining '\footcite'.
Package biblatex Info: Redefining '\footcitetext'.
Package biblatex Info: Redefining '\smartcite'.
Package biblatex Info: Redefining '\supercite'.
Package biblatex Info: Redefining '\textcite'.
Package biblatex Info: Redefining '\textcites'.
Package biblatex Info: Redefining '\cites'.
Package biblatex Info: Redefining '\parencites'.
Package biblatex Info: Redefining '\smartcites'.
)
Package biblatex Info: Trying to load configuration file...
Package biblatex Info: ... file 'biblatex.cfg' found.

(C:\Users\valborg\AppData\Local\Programs\MiKTeX\tex/latex/biblatex\biblatex.cfg
File: biblatex.cfg 
)

Package biblatex Warning: 'babel' option is deprecated.
(biblatex)                Please use 'autolang' instead.

) (C:\Users\valborg\AppData\Local\Programs\MiKTeX\tex/latex/tools\calc.sty
Package: calc 2017/05/25 v4.3 Infix arithmetic (KKT,FJ)
\calc@Acount=\count405
\calc@Bcount=\count406
\calc@Adimen=\dimen268
\calc@Bdimen=\dimen269
\calc@Askip=\skip73
\calc@Bskip=\skip74
LaTeX Info: Redefining \setlength on input line 80.
LaTeX Info: Redefining \addtolength on input line 81.
\calc@Ccount=\count407
\calc@Cskip=\skip75
)
(C:\Users\valborg\AppData\Local\Programs\MiKTeX\tex/latex/base\makeidx.sty
Package: makeidx 2014/09/29 v1.0m Standard LaTeX package
)
\@indexfile=\write5
\openout5 = `main.idx'.


Writing index file main.idx

(C:\Users\valborg\AppData\Local\Programs\MiKTeX\tex/latex/titlesec\titletoc.sty
Package: titletoc 2019/10/16 v2.13 TOC entries
\ttl@leftsep=\dimen270
)
(C:\Users\valborg\AppData\Local\Programs\MiKTeX\tex/latex/fancyhdr\fancyhdr.sty
Package: fancyhdr 2019/01/31 v3.10 Extensive control of page headers and footer
s
\f@nch@headwidth=\skip76
\f@nch@O@elh=\skip77
\f@nch@O@erh=\skip78
\f@nch@O@olh=\skip79
\f@nch@O@orh=\skip80
\f@nch@O@elf=\skip81
\f@nch@O@erf=\skip82
\f@nch@O@olf=\skip83
\f@nch@O@orf=\skip84
) (C:\Users\valborg\AppData\Local\Programs\MiKTeX\tex/latex/amsmath\amsmath.sty
Package: amsmath 2020/01/20 v2.17e AMS math features
\@mathmargin=\skip85
For additional information on amsmath, use the `?' option.
(C:\Users\valborg\AppData\Local\Programs\MiKTeX\tex/latex/amsmath\amstext.sty
Package: amstext 2000/06/29 v2.01 AMS text

(C:\Users\valborg\AppData\Local\Programs\MiKTeX\tex/latex/amsmath\amsgen.sty
File: amsgen.sty 1999/11/30 v2.0 generic functions
\@emptytoks=\toks33
\ex@=\dimen271
))
(C:\Users\valborg\AppData\Local\Programs\MiKTeX\tex/latex/amsmath\amsbsy.sty
Package: amsbsy 1999/11/29 v1.2d Bold Symbols
\pmbraise@=\dimen272
)
(C:\Users\valborg\AppData\Local\Programs\MiKTeX\tex/latex/amsmath\amsopn.sty
Package: amsopn 2016/03/08 v2.02 operator names
)
\inf@bad=\count408
LaTeX Info: Redefining \frac on input line 227.
\uproot@=\count409
\leftroot@=\count410
LaTeX Info: Redefining \overline on input line 389.
\classnum@=\count411
\DOTSCASE@=\count412
LaTeX Info: Redefining \ldots on input line 486.
LaTeX Info: Redefining \dots on input line 489.
LaTeX Info: Redefining \cdots on input line 610.
\Mathstrutbox@=\box58
\strutbox@=\box59
\big@size=\dimen273
LaTeX Font Info:    Redeclaring font encoding OML on input line 733.
LaTeX Font Info:    Redeclaring font encoding OMS on input line 734.
\macc@depth=\count413
\c@MaxMatrixCols=\count414
\dotsspace@=\muskip21
\c@parentequation=\count415
\dspbrk@lvl=\count416
\tag@help=\toks34
\row@=\count417
\column@=\count418
\maxfields@=\count419
\andhelp@=\toks35
\eqnshift@=\dimen274
\alignsep@=\dimen275
\tagshift@=\dimen276
\tagwidth@=\dimen277
\totwidth@=\dimen278
\lineht@=\dimen279
\@envbody=\toks36
\multlinegap=\skip86
\multlinetaggap=\skip87
\mathdisplay@stack=\toks37
LaTeX Info: Redefining \[ on input line 2859.
LaTeX Info: Redefining \] on input line 2860.
)
(C:\Users\valborg\AppData\Local\Programs\MiKTeX\tex/latex/amsfonts\amsfonts.sty
Package: amsfonts 2013/01/14 v3.01 Basic AMSFonts support
\symAMSa=\mathgroup6
\symAMSb=\mathgroup7
LaTeX Font Info:    Overwriting math alphabet `\mathfrak' in version `bold'
(Font)                  U/euf/m/n --> U/euf/b/n on input line 106.
)
(C:\Users\valborg\AppData\Local\Programs\MiKTeX\tex/latex/amsfonts\amssymb.sty
Package: amssymb 2013/01/14 v3.01 AMS font symbols
) (C:\Users\valborg\AppData\Local\Programs\MiKTeX\tex/latex/amscls\amsthm.sty
Package: amsthm 2020/05/29 v2.20.6
\thm@style=\toks38
\thm@bodyfont=\toks39
\thm@headfont=\toks40
\thm@notefont=\toks41
\thm@headpunct=\toks42
\thm@preskip=\skip88
\thm@postskip=\skip89
\thm@headsep=\skip90
\dth@everypar=\toks43
)
\c@notation=\count420
\c@dummy=\count421
\c@problem=\count422
\c@exerciseT=\count423
\c@exampleT=\count424
\c@vocabulary=\count425
\c@definitionT=\count426

(C:\Users\valborg\AppData\Local\Programs\MiKTeX\tex/latex/mdframed\mdframed.sty
Package: mdframed 2013/07/01 1.9b: mdframed

(C:\Users\valborg\AppData\Local\Programs\MiKTeX\tex/latex/zref\zref-abspage.sty
Package: zref-abspage 2020-05-28 v2.31 Module abspage for zref (HO)
(C:\Users\valborg\AppData\Local\Programs\MiKTeX\tex/latex/zref\zref-base.sty
Package: zref-base 2020-05-28 v2.31 Module base for zref (HO)

(C:\Users\valborg\AppData\Local\Programs\MiKTeX\tex/generic/kvdefinekeys\kvdefi
nekeys.sty
Package: kvdefinekeys 2019-12-19 v1.6 Define keys (HO)
)
(C:\Users\valborg\AppData\Local\Programs\MiKTeX\tex/generic/etexcmds\etexcmds.s
ty
Package: etexcmds 2019/12/15 v1.7 Avoid name clashes with e-TeX commands (HO)
)
(C:\Users\valborg\AppData\Local\Programs\MiKTeX\tex/latex/auxhook\auxhook.sty
Package: auxhook 2019-12-17 v1.6 Hooks for auxiliary files (HO)
)
Package zref Info: New property list: main on input line 763.
Package zref Info: New property: default on input line 764.
Package zref Info: New property: page on input line 765.
)
(C:\Users\valborg\AppData\Local\Programs\MiKTeX\tex/generic/atbegshi\atbegshi.s
ty
Package: atbegshi 2019/12/05 v1.19 At begin shipout hook (HO)
)
\c@abspage=\count427
Package zref Info: New property: abspage on input line 66.
)
(C:\Users\valborg\AppData\Local\Programs\MiKTeX\tex/latex/needspace\needspace.s
ty
Package: needspace 2010/09/12 v1.3d reserve vertical space
)
\mdf@templength=\skip91
\c@mdf@globalstyle@cnt=\count428
\mdf@skipabove@length=\skip92
\mdf@skipbelow@length=\skip93
\mdf@leftmargin@length=\skip94
\mdf@rightmargin@length=\skip95
\mdf@innerleftmargin@length=\skip96
\mdf@innerrightmargin@length=\skip97
\mdf@innertopmargin@length=\skip98
\mdf@innerbottommargin@length=\skip99
\mdf@splittopskip@length=\skip100
\mdf@splitbottomskip@length=\skip101
\mdf@outermargin@length=\skip102
\mdf@innermargin@length=\skip103
\mdf@linewidth@length=\skip104
\mdf@innerlinewidth@length=\skip105
\mdf@middlelinewidth@length=\skip106
\mdf@outerlinewidth@length=\skip107
\mdf@roundcorner@length=\skip108
\mdf@footenotedistance@length=\skip109
\mdf@userdefinedwidth@length=\skip110
\mdf@needspace@length=\skip111
\mdf@frametitleaboveskip@length=\skip112
\mdf@frametitlebelowskip@length=\skip113
\mdf@frametitlerulewidth@length=\skip114
\mdf@frametitleleftmargin@length=\skip115
\mdf@frametitlerightmargin@length=\skip116
\mdf@shadowsize@length=\skip117
\mdf@extratopheight@length=\skip118
\mdf@subtitleabovelinewidth@length=\skip119
\mdf@subtitlebelowlinewidth@length=\skip120
\mdf@subtitleaboveskip@length=\skip121
\mdf@subtitlebelowskip@length=\skip122
\mdf@subtitleinneraboveskip@length=\skip123
\mdf@subtitleinnerbelowskip@length=\skip124
\mdf@subsubtitleabovelinewidth@length=\skip125
\mdf@subsubtitlebelowlinewidth@length=\skip126
\mdf@subsubtitleaboveskip@length=\skip127
\mdf@subsubtitlebelowskip@length=\skip128
\mdf@subsubtitleinneraboveskip@length=\skip129
\mdf@subsubtitleinnerbelowskip@length=\skip130

(C:\Users\valborg\AppData\Local\Programs\MiKTeX\tex/latex/mdframed\md-frame-0.m
df
File: md-frame-0.mdf 2013/07/01\ 1.9b: md-frame-0
)
\mdf@frametitlebox=\box60
\mdf@footnotebox=\box61
\mdf@splitbox@one=\box62
\mdf@splitbox@two=\box63
\mdf@splitbox@save=\box64
\mdfsplitboxwidth=\skip131
\mdfsplitboxtotalwidth=\skip132
\mdfsplitboxheight=\skip133
\mdfsplitboxdepth=\skip134
\mdfsplitboxtotalheight=\skip135
\mdfframetitleboxwidth=\skip136
\mdfframetitleboxtotalwidth=\skip137
\mdfframetitleboxheight=\skip138
\mdfframetitleboxdepth=\skip139
\mdfframetitleboxtotalheight=\skip140
\mdffootnoteboxwidth=\skip141
\mdffootnoteboxtotalwidth=\skip142
\mdffootnoteboxheight=\skip143
\mdffootnoteboxdepth=\skip144
\mdffootnoteboxtotalheight=\skip145
\mdftotallinewidth=\skip146
\mdfboundingboxwidth=\skip147
\mdfboundingboxtotalwidth=\skip148
\mdfboundingboxheight=\skip149
\mdfboundingboxdepth=\skip150
\mdfboundingboxtotalheight=\skip151
\mdf@freevspace@length=\skip152
\mdf@horizontalwidthofbox@length=\skip153
\mdf@verticalmarginwhole@length=\skip154
\mdf@horizontalspaceofbox=\skip155
\mdfsubtitleheight=\skip156
\mdfsubsubtitleheight=\skip157
\c@mdfcountframes=\count429

****** mdframed patching \endmdf@trivlist

****** -- success******

\mdf@envdepth=\count430
\c@mdf@env@i=\count431
\c@mdf@env@ii=\count432
\c@mdf@zref@counter=\count433
Package zref Info: New property: mdf@pagevalue on input line 895.
)
\esp=\skip158
\ecart=\skip159

(C:\Users\valborg\AppData\Local\Programs\MiKTeX\tex/latex/hyperref\hyperref.sty
Package: hyperref 2020-05-15 v7.00e Hypertext links for LaTeX

(C:\Users\valborg\AppData\Local\Programs\MiKTeX\tex/generic/pdfescape\pdfescape
.sty
Package: pdfescape 2019/12/09 v1.15 Implements pdfTeX's escape features (HO)
)
(C:\Users\valborg\AppData\Local\Programs\MiKTeX\tex/latex/hycolor\hycolor.sty
Package: hycolor 2020-01-27 v1.10 Color options for hyperref/bookmark (HO)
)
(C:\Users\valborg\AppData\Local\Programs\MiKTeX\tex/latex/letltxmacro\letltxmac
ro.sty
Package: letltxmacro 2019/12/03 v1.6 Let assignment for LaTeX macros (HO)
)
\@linkdim=\dimen280
\Hy@linkcounter=\count434
\Hy@pagecounter=\count435

(C:\Users\valborg\AppData\Local\Programs\MiKTeX\tex/latex/hyperref\pd1enc.def
File: pd1enc.def 2020-05-15 v7.00e Hyperref: PDFDocEncoding definition (HO)
Now handling font encoding PD1 ...
... no UTF-8 mapping file for font encoding PD1
)
(C:\Users\valborg\AppData\Local\Programs\MiKTeX\tex/generic/intcalc\intcalc.sty
Package: intcalc 2019/12/15 v1.3 Expandable calculations with integers (HO)
)
\Hy@SavedSpaceFactor=\count436
Package hyperref Info: Hyper figures OFF on input line 4464.
Package hyperref Info: Link nesting OFF on input line 4469.
Package hyperref Info: Hyper index ON on input line 4472.
Package hyperref Info: Plain pages OFF on input line 4479.
Package hyperref Info: Backreferencing OFF on input line 4484.
Package hyperref Info: Implicit mode ON; LaTeX internals redefined.
Package hyperref Info: Bookmarks ON on input line 4717.
\c@Hy@tempcnt=\count437
LaTeX Info: Redefining \url on input line 5076.
\XeTeXLinkMargin=\dimen281
 (C:\Users\valborg\AppData\Local\Programs\MiKTeX\tex/generic/bitset\bitset.sty
Package: bitset 2019/12/09 v1.3 Handle bit-vector datatype (HO)

(C:\Users\valborg\AppData\Local\Programs\MiKTeX\tex/generic/bigintcalc\bigintca
lc.sty
Package: bigintcalc 2019/12/15 v1.5 Expandable calculations on big integers (HO
)
))
\Fld@menulength=\count438
\Field@Width=\dimen282
\Fld@charsize=\dimen283
Package hyperref Info: Hyper figures OFF on input line 6347.
Package hyperref Info: Link nesting OFF on input line 6352.
Package hyperref Info: Hyper index ON on input line 6355.
Package hyperref Info: backreferencing OFF on input line 6362.
Package hyperref Info: Link coloring OFF on input line 6367.
Package hyperref Info: Link coloring with OCG OFF on input line 6372.
Package hyperref Info: PDF/A mode OFF on input line 6377.
LaTeX Info: Redefining \ref on input line 6417.
LaTeX Info: Redefining \pageref on input line 6421.
\Hy@abspage=\count439
\c@Item=\count440
\c@Hfootnote=\count441
)
Package hyperref Info: Driver (autodetected): hpdftex.

(C:\Users\valborg\AppData\Local\Programs\MiKTeX\tex/latex/hyperref\hpdftex.def
File: hpdftex.def 2020-05-15 v7.00e Hyperref driver for pdfTeX

(C:\Users\valborg\AppData\Local\Programs\MiKTeX\tex/latex/atveryend\atveryend.s
ty
Package: atveryend 2019-12-11 v1.11 Hooks at the very end of document (HO)
)
\HyAnn@Count=\count442
\Fld@listcount=\count443
\c@bookmark@seq@number=\count444

(C:\Users\valborg\AppData\Local\Programs\MiKTeX\tex/latex/rerunfilecheck\rerunf
ilecheck.sty
Package: rerunfilecheck 2019/12/05 v1.9 Rerun checks for auxiliary files (HO)

(C:\Users\valborg\AppData\Local\Programs\MiKTeX\tex/generic/uniquecounter\uniqu
ecounter.sty
Package: uniquecounter 2019/12/15 v1.4 Provide unlimited unique counter (HO)
)
Package uniquecounter Info: New unique counter `rerunfilecheck' on input line 2
86.
)
\Hy@SectionHShift=\skip160
)

Package hyperref Warning: Option `backref' has already been used,
(hyperref)                setting the option has no effect on input line 505.


Package hyperref Warning: Option `pagebackref' has already been used,
(hyperref)                setting the option has no effect on input line 505.


Package hyperref Warning: Option `hyperindex' has already been used,
(hyperref)                setting the option has no effect on input line 505.

Package hyperref Info: Option `colorlinks' set `false' on input line 505.
Package hyperref Info: Option `breaklinks' set `true' on input line 505.

Package hyperref Warning: Option `bookmarks' has already been used,
(hyperref)                setting the option has no effect on input line 505.

Package hyperref Info: Option `bookmarksopen' set `false' on input line 505.

(C:\Users\valborg\AppData\Local\Programs\MiKTeX\tex/latex/bookmark\bookmark.sty
Package: bookmark 2019/12/03 v1.28 PDF bookmarks (HO)

(C:\Users\valborg\AppData\Local\Programs\MiKTeX\tex/latex/bookmark\bkm-pdftex.d
ef
File: bkm-pdftex.def 2019/12/03 v1.28 bookmark driver for pdfTeX (HO)
\BKM@id=\count445
)) (C:\Users\valborg\AppData\Local\Programs\MiKTeX\tex/latex/float\float.sty
Package: float 2001/11/08 v1.3d Float enhancements (AL)
\c@float@type=\count446
\float@exts=\toks44
\float@box=\box65
\@float@everytoks=\toks45
\@floatcapt=\box66
)
(C:\Users\valborg\AppData\Local\Programs\MiKTeX\tex/latex/todonotes\todonotes.s
ty
Package: todonotes 2019/01/24 v1.1.2 Todonotes source and documentation.
Package: todonotes 2018/11/22

(C:\Users\valborg\AppData\Local\Programs\MiKTeX\tex/latex/xkeyval\xkeyval.sty
Package: xkeyval 2014/12/03 v2.7a package option processing (HA)

(C:\Users\valborg\AppData\Local\Programs\MiKTeX\tex/generic/xkeyval\xkeyval.tex

(C:\Users\valborg\AppData\Local\Programs\MiKTeX\tex/generic/xkeyval\xkvutils.te
x
\XKV@toks=\toks46
\XKV@tempa@toks=\toks47
)
\XKV@depth=\count447
File: xkeyval.tex 2014/12/03 v2.7a key=value parser (HA)
))
(C:\Users\valborg\AppData\Local\Programs\MiKTeX\tex/generic/pgf/frontendlayer/t
ikz/libraries\tikzlibrarypositioning.code.tex
File: tikzlibrarypositioning.code.tex 2020/01/08 v3.1.5b (3.1.5b)
)
(C:\Users\valborg\AppData\Local\Programs\MiKTeX\tex/generic/pgf/frontendlayer/t
ikz/libraries\tikzlibraryshadows.code.tex
File: tikzlibraryshadows.code.tex 2020/01/08 v3.1.5b (3.1.5b)

(C:\Users\valborg\AppData\Local\Programs\MiKTeX\tex/generic/pgf/frontendlayer/t
ikz/libraries\tikzlibraryfadings.code.tex
File: tikzlibraryfadings.code.tex 2020/01/08 v3.1.5b (3.1.5b)

(C:\Users\valborg\AppData\Local\Programs\MiKTeX\tex/generic/pgf/libraries\pgfli
braryfadings.code.tex
File: pgflibraryfadings.code.tex 2020/01/08 v3.1.5b (3.1.5b)
)))
\c@@todonotes@numberoftodonotes=\count448
)
(C:\Users\valborg\AppData\Local\Programs\MiKTeX\tex/generic/babel\babel.sty
Package: babel 2020/07/13 3.47 The Babel package

(C:\Users\valborg\AppData\Local\Programs\MiKTeX\tex/generic/babel\babel.def
File: babel.def 2020/07/13 3.47 Babel common definitions
\babel@savecnt=\count449
\U@D=\dimen284
\l@babelnohyphens=\language80

(C:\Users\valborg\AppData\Local\Programs\MiKTeX\tex/generic/babel\txtbabel.def)
\bbl@readstream=\read4
)
\bbl@dirlevel=\count450

*************************************
* Local config file bblopts.cfg used
*
(C:\Users\valborg\AppData\Local\Programs\MiKTeX\tex/latex/arabi\bblopts.cfg
File: bblopts.cfg 2005/09/08 v0.1 add Arabic and Farsi to "declared" options of
 babel
)
(C:\Users\valborg\AppData\Local\Programs\MiKTeX\tex/latex/babel-icelandic\icela
ndic.ldf
Language: icelandic 2019/07/04 v1.3 Icelandic support from the babel system
Package babel Info: Making " an active character on input line 127.
\pl@left=\dimen285
\pl@down=\dimen286
\pl@right=\dimen287
\pl@temp=\dimen288
))
(C:\Users\valborg\AppData\Local\Programs\MiKTeX\tex/latex/listings\listings.sty
\lst@mode=\count451
\lst@gtempboxa=\box67
\lst@token=\toks48
\lst@length=\count452
\lst@currlwidth=\dimen289
\lst@column=\count453
\lst@pos=\count454
\lst@lostspace=\dimen290
\lst@width=\dimen291
\lst@newlines=\count455
\lst@lineno=\count456
\lst@maxwidth=\dimen292
(C:\Users\valborg\AppData\Local\Programs\MiKTeX\tex/latex/listings\lstmisc.sty
File: lstmisc.sty 2020/03/24 1.8d (Carsten Heinz)
\c@lstnumber=\count457
\lst@skipnumbers=\count458
\lst@framebox=\box68
)
(C:\Users\valborg\AppData\Local\Programs\MiKTeX\tex/latex/listings\listings.cfg
File: listings.cfg 2020/03/24 1.8d listings configuration
))
Package: listings 2020/03/24 1.8d (Carsten Heinz)

(C:\Users\valborg\AppData\Local\Programs\MiKTeX\tex/latex/listings\lstlang1.sty
File: lstlang1.sty 2020/03/24 1.8d listings language file
))

Package biblatex Warning: 'babel/polyglossia' detected but 'csquotes' missing.
(biblatex)                Loading 'csquotes' recommended.

\@quotelevel=\count459
\@quotereset=\count460
(main.aux)
\openout1 = `main.aux'.

LaTeX Font Info:    Checking defaults for OML/cmm/m/it on input line 53.
LaTeX Font Info:    ... okay on input line 53.
LaTeX Font Info:    Checking defaults for OMS/cmsy/m/n on input line 53.
LaTeX Font Info:    ... okay on input line 53.
LaTeX Font Info:    Checking defaults for OT1/cmr/m/n on input line 53.
LaTeX Font Info:    ... okay on input line 53.
LaTeX Font Info:    Checking defaults for T1/cmr/m/n on input line 53.
LaTeX Font Info:    ... okay on input line 53.
LaTeX Font Info:    Checking defaults for TS1/cmr/m/n on input line 53.
LaTeX Font Info:    ... okay on input line 53.
LaTeX Font Info:    Checking defaults for OMX/cmex/m/n on input line 53.
LaTeX Font Info:    ... okay on input line 53.
LaTeX Font Info:    Checking defaults for U/cmr/m/n on input line 53.
LaTeX Font Info:    ... okay on input line 53.
LaTeX Font Info:    Checking defaults for PD1/pdf/m/n on input line 53.
LaTeX Font Info:    ... okay on input line 53.

(C:\Users\valborg\AppData\Local\Programs\MiKTeX\tex/context/base/mkii\supp-pdf.
mkii
[Loading MPS to PDF converter (version 2006.09.02).]
\scratchcounter=\count461
\scratchdimen=\dimen293
\scratchbox=\box69
\nofMPsegments=\count462
\nofMParguments=\count463
\everyMPshowfont=\toks49
\MPscratchCnt=\count464
\MPscratchDim=\dimen294
\MPnumerator=\count465
\makeMPintoPDFobject=\count466
\everyMPtoPDFconversion=\toks50
)
(C:\Users\valborg\AppData\Local\Programs\MiKTeX\tex/latex/epstopdf-pkg\epstopdf
-base.sty
Package: epstopdf-base 2020-01-24 v2.11 Base part for package epstopdf
Package epstopdf-base Info: Redefining graphics rule for `.eps' on input line 4
85.
) ABD: EveryShipout initializing macros
*geometry* driver: auto-detecting
*geometry* detected driver: pdftex
*geometry* verbose mode - [ preamble ] result:
* driver: pdftex
* paper: a4paper
* layout: <same size as paper>
* layoutoffset:(h,v)=(0.0pt,0.0pt)
* modes: twoside 
* h-part:(L,W,R)=(85.35826pt, 426.79135pt, 85.35826pt)
* v-part:(T,H,B)=(85.35826pt, 674.33032pt, 85.35826pt)
* \paperwidth=597.50787pt
* \paperheight=845.04684pt
* \textwidth=426.79135pt
* \textheight=674.33032pt
* \oddsidemargin=13.08827pt
* \evensidemargin=13.08827pt
* \topmargin=-10.91173pt
* \headheight=14.0pt
* \headsep=10.0pt
* \topskip=11.0pt
* \footskip=39.83368pt
* \marginparwidth=116.0pt
* \marginparsep=7.0pt
* \columnsep=10.0pt
* \skip\footins=10.0pt plus 4.0pt minus 2.0pt
* \hoffset=0.0pt
* \voffset=0.0pt
* \mag=1000
* \@twocolumnfalse
* \@twosidetrue
* \@mparswitchtrue
* \@reversemarginfalse
* (1in=72.27pt=25.4mm, 1cm=28.453pt)

LaTeX Info: Redefining \microtypecontext on input line 53.
Package microtype Info: Generating PDF output.
Package microtype Info: Character protrusion enabled (level 2).
Package microtype Info: Using default protrusion set `alltext'.
Package microtype Info: Automatic font expansion enabled (level 2),
(microtype)             stretch: 20, shrink: 20, step: 1, non-selected.
Package microtype Info: Using default expansion set `basictext'.
LaTeX Info: Redefining \showhyphens on input line 53.
Package microtype Info: No adjustment of tracking.
Package microtype Info: No adjustment of interword spacing.
Package microtype Info: No adjustment of character kerning.
(C:\Users\valborg\AppData\Local\Programs\MiKTeX\tex/latex/microtype\mt-ptm.cfg
File: mt-ptm.cfg 2006/04/20 v1.7 microtype config. file: Times (RS)
)
Package biblatex Info: Trying to load language 'icelandic'...
Package biblatex Info: ... file 'icelandic.lbx' found.

(C:\Users\valborg\AppData\Local\Programs\MiKTeX\tex/latex/biblatex/lbx\icelandi
c.lbx
File: icelandic.lbx 2019/12/01 v3.14 biblatex localization (PK/MW)
)
Package biblatex Info: Input encoding 'utf8' detected.
Package biblatex Info: Automatic encoding selection.
(biblatex)             Assuming data encoding 'utf8'.
\openout4 = `main.bcf'.

Package biblatex Info: Trying to load bibliographic data...


Package biblatex Warning: File 'main.bbl' is wrong format version - expected 3.
1.

Package biblatex Info: ... file 'main.bbl' found.
(main.bbl)
Package biblatex Info: Reference section=0 on input line 53.
Package biblatex Info: Reference segment=0 on input line 53.
\AtBeginShipoutBox=\box70
Package hyperref Info: Link coloring OFF on input line 53.

(C:\Users\valborg\AppData\Local\Programs\MiKTeX\tex/latex/hyperref\nameref.sty
Package: nameref 2019/09/16 v2.46 Cross-referencing by name of section

(C:\Users\valborg\AppData\Local\Programs\MiKTeX\tex/latex/refcount\refcount.sty
Package: refcount 2019/12/15 v3.6 Data extraction from label references (HO)
)
(C:\Users\valborg\AppData\Local\Programs\MiKTeX\tex/generic/gettitlestring\gett
itlestring.sty
Package: gettitlestring 2019/12/15 v1.6 Cleanup title references (HO)
)
\c@section@level=\count467
)
LaTeX Info: Redefining \ref on input line 53.
LaTeX Info: Redefining \pageref on input line 53.
LaTeX Info: Redefining \nameref on input line 53.
\c@lstlisting=\count468
<Pictures/background.pdf, id=30, 584.1825pt x 835.12pt>
File: Pictures/background.pdf Graphic file (type pdf)
<use Pictures/background.pdf>
Package pdftex.def Info: Pictures/background.pdf  used on input line 62.
(pdftex.def)             Requested size: 597.50787pt x 854.24503pt.
LaTeX Font Info:    Trying to load font information for T1+pag on input line 63
.

(C:\Users\valborg\AppData\Local\Programs\MiKTeX\tex/latex/psnfss\t1pag.fd
File: t1pag.fd 2001/06/04 font definitions for T1/pag.
)
LaTeX Font Info:    Font shape `T1/pag/b/n' in size <24.88> not available
(Font)              Font shape `T1/pag/db/n' tried instead on input line 63.
Package microtype Info: Loading generic protrusion settings for font family
(microtype)             `pag' (encoding: T1).
(microtype)             For optimal results, create family-specific settings.
(microtype)             See the microtype manual for details.
LaTeX Font Info:    Font shape `T1/pag/b/n' in size <14.4> not available
(Font)              Font shape `T1/pag/db/n' tried instead on input line 65.
LaTeX Font Info:    Font shape `T1/pag/b/n' in size <20.74> not available
(Font)              Font shape `T1/pag/db/n' tried instead on input line 65.
LaTeX Font Info:    Trying to load font information for OT1+ztmcm on input line
 65.

(C:\Users\valborg\AppData\Local\Programs\MiKTeX\tex/latex/psnfss\ot1ztmcm.fd
File: ot1ztmcm.fd 2000/01/03 Fontinst v1.801 font definitions for OT1/ztmcm.
)
Package microtype Info: Loading generic protrusion settings for font family
(microtype)             `ztmcm' (encoding: OT1).
(microtype)             For optimal results, create family-specific settings.
(microtype)             See the microtype manual for details.
LaTeX Font Info:    Trying to load font information for OML+ztmcm on input line
 65.

(C:\Users\valborg\AppData\Local\Programs\MiKTeX\tex/latex/psnfss\omlztmcm.fd
File: omlztmcm.fd 2000/01/03 Fontinst v1.801 font definitions for OML/ztmcm.
)
LaTeX Font Info:    Trying to load font information for OMS+ztmcm on input line
 65.

(C:\Users\valborg\AppData\Local\Programs\MiKTeX\tex/latex/psnfss\omsztmcm.fd
File: omsztmcm.fd 2000/01/03 Fontinst v1.801 font definitions for OMS/ztmcm.
)
LaTeX Font Info:    Trying to load font information for OMX+ztmcm on input line
 65.

(C:\Users\valborg\AppData\Local\Programs\MiKTeX\tex/latex/psnfss\omxztmcm.fd
File: omxztmcm.fd 2000/01/03 Fontinst v1.801 font definitions for OMX/ztmcm.
)
LaTeX Font Info:    Trying to load font information for OT1+ptm on input line 6
5.

(C:\Users\valborg\AppData\Local\Programs\MiKTeX\tex/latex/psnfss\ot1ptm.fd
File: ot1ptm.fd 2001/06/04 font definitions for OT1/ptm.
)
LaTeX Font Info:    Font shape `OT1/ptm/bx/n' in size <24.88> not available
(Font)              Font shape `OT1/ptm/b/n' tried instead on input line 65.
LaTeX Font Info:    Font shape `OT1/ptm/bx/n' in size <17.28> not available
(Font)              Font shape `OT1/ptm/b/n' tried instead on input line 65.
LaTeX Font Info:    Font shape `OT1/ptm/bx/n' in size <14.4> not available
(Font)              Font shape `OT1/ptm/b/n' tried instead on input line 65.

(C:\Users\valborg\AppData\Local\Programs\MiKTeX\tex/latex/microtype\mt-msa.cfg
File: mt-msa.cfg 2006/02/04 v1.1 microtype config. file: AMS symbols (a) (RS)
) (C:\Users\valborg\AppData\Local\Programs\MiKTeX\tex/latex/microtype\mt-msb.cf
g
File: mt-msb.cfg 2005/06/01 v1.0 microtype config. file: AMS symbols (b) (RS)
) [1

{C:/Users/valborg/AppData/Local/MiKTeX/pdftex/config/pdftex.map} <./Pictures/ba
ckground.pdf>]
LaTeX Font Info:    Trying to load font information for TS1+ptm on input line 7
8.

(C:\Users\valborg\AppData\Local\Programs\MiKTeX\tex/latex/psnfss\ts1ptm.fd
File: ts1ptm.fd 2001/06/04 font definitions for TS1/ptm.
)
Underfull \hbox (badness 10000) in paragraph at lines 78--79

 []

LaTeX Font Info:    Trying to load font information for T1+cmtt on input line 8
4.
(C:\Users\valborg\AppData\Local\Programs\MiKTeX\tex/latex/base\t1cmtt.fd
File: t1cmtt.fd 2019/12/16 v2.5j Standard LaTeX font definitions
)
Package microtype Info: Loading generic protrusion settings for font family
(microtype)             `cmtt' (encoding: T1).
(microtype)             For optimal results, create family-specific settings.
(microtype)             See the microtype manual for details.
LaTeX Font Info:    Font shape `OT1/ptm/bx/n' in size <10.95> not available
(Font)              Font shape `OT1/ptm/b/n' tried instead on input line 84.
LaTeX Font Info:    Font shape `OT1/ptm/bx/n' in size <8> not available
(Font)              Font shape `OT1/ptm/b/n' tried instead on input line 84.
LaTeX Font Info:    Font shape `OT1/ptm/bx/n' in size <6> not available
(Font)              Font shape `OT1/ptm/b/n' tried instead on input line 84.

Underfull \hbox (badness 10000) in paragraph at lines 84--85

 []

[2]
<Pictures/chapter_head_1.pdf, id=47, 597.432pt x 298.716pt>
File: Pictures/chapter_head_1.pdf Graphic file (type pdf)
<use Pictures/chapter_head_1.pdf>
Package pdftex.def Info: Pictures/chapter_head_1.pdf  used on input line 98.
(pdftex.def)             Requested size: 597.50787pt x 298.77907pt.
 (main.toc
LaTeX Font Info:    Font shape `T1/pag/b/n' in size <12> not available
(Font)              Font shape `T1/pag/db/n' tried instead on input line 6.
LaTeX Font Info:    Font shape `T1/pag/b/n' in size <10.95> not available
(Font)              Font shape `T1/pag/db/n' tried instead on input line 6.
 [3

 <./Pictures/chapter_head_1.pdf>] [4])
\tf@toc=\write6
\openout6 = `main.toc'.

 [5] [6

]
\c@ttl@toc@default=\count469
LaTeX Font Info:    Font shape `T1/pag/b/n' in size <220> not available
(Font)              Font shape `T1/pag/db/n' tried instead on input line 108.
 (main.ptc)
LaTeX Font Info:    Font shape `T1/pag/b/n' in size <30> not available
(Font)              Font shape `T1/pag/db/n' tried instead on input line 108.

[7

] [8]
Package hyperref Info: bookmark level for unknown todo defaults to 0 on input l
ine 109.
 (inngangur.tex [9] [10

]
Kafli 1.
<Pictures/chapter_head_2.pdf, id=407, 3581.38pt x 1790.69pt>
File: Pictures/chapter_head_2.pdf Graphic file (type pdf)
<use Pictures/chapter_head_2.pdf>
Package pdftex.def Info: Pictures/chapter_head_2.pdf  used on input line 3.
(pdftex.def)             Requested size: 597.50787pt x 298.75726pt.
[11 <./Pictures/chapter_head_2.pdf>]
LaTeX Font Info:    Font shape `OT1/ptm/bx/n' in size <9> not available
(Font)              Font shape `OT1/ptm/b/n' tried instead on input line 37.
LaTeX Font Info:    Font shape `OT1/ptm/bx/n' in size <7> not available
(Font)              Font shape `OT1/ptm/b/n' tried instead on input line 37.
LaTeX Font Info:    Font shape `OT1/ptm/bx/n' in size <5> not available
(Font)              Font shape `OT1/ptm/b/n' tried instead on input line 37.


LaTeX Warning: Marginpar on page 12 moved.


LaTeX Warning: Marginpar on page 12 moved.

[12]

LaTeX Warning: Marginpar on page 13 moved.


Underfull \vbox (badness 10000) has occurred while \output is active []

 [13]
Package hyperref Info: bookmark level for unknown lstlisting defaults to 0 on i
nput line 134.

(C:\Users\valborg\AppData\Local\Programs\MiKTeX\tex/latex/listings\lstlang1.sty
File: lstlang1.sty 2020/03/24 1.8d listings language file
)
(C:\Users\valborg\AppData\Local\Programs\MiKTeX\tex/latex/listings\lstlang1.sty
File: lstlang1.sty 2020/03/24 1.8d listings language file
)
(C:\Users\valborg\AppData\Local\Programs\MiKTeX\tex/latex/listings\lstlang2.sty
File: lstlang2.sty 2020/03/24 1.8d listings language file
) [14]) (tolurogbreytur.tex [15] [16

]
Kafli 2.
File: Pictures/chapter_head_2.pdf Graphic file (type pdf)
<use Pictures/chapter_head_2.pdf>
Package pdftex.def Info: Pictures/chapter_head_2.pdf  used on input line 2.
(pdftex.def)             Requested size: 597.50787pt x 298.75726pt.

Underfull \vbox (badness 2285) has occurred while \output is active []

 [17]
[18] [19] [20] [21]) (strengir.tex [22]
Kafli 3.
File: Pictures/chapter_head_2.pdf Graphic file (type pdf)
<use Pictures/chapter_head_2.pdf>
Package pdftex.def Info: Pictures/chapter_head_2.pdf  used on input line 1.
(pdftex.def)             Requested size: 597.50787pt x 298.75726pt.
[23

] [24]

LaTeX Warning: Reference `lst:stafabil2' on page 25 undefined on input line 122
.

[25]
Underfull \vbox (badness 1406) has occurred while \output is active []

 [26]

LaTeX Warning: Marginpar on page 27 moved.

) (listar.tex [27] [28

]
Kafli 4.
File: Pictures/chapter_head_2.pdf Graphic file (type pdf)
<use Pictures/chapter_head_2.pdf>
Package pdftex.def Info: Pictures/chapter_head_2.pdf  used on input line 3.
(pdftex.def)             Requested size: 597.50787pt x 298.75726pt.
[29] [30] [31] [32] [33]) (expression.tex [34]
Kafli 5.
File: Pictures/chapter_head_2.pdf Graphic file (type pdf)
<use Pictures/chapter_head_2.pdf>
Package pdftex.def Info: Pictures/chapter_head_2.pdf  used on input line 3.
(pdftex.def)             Requested size: 597.50787pt x 298.75726pt.
[35

] [36pdfTeX warning (ext4): destination with the same identifier (name{table.5.
1}) has been already used, duplicate ignored

\@EveryShipout@Output ...@Org@Shipout \box \@cclv 
                                                  
l.94 
     ] [37]
Underfull \vbox (badness 10000) has occurred while \output is active []

 [38]
[39pdfTeX warning (ext4): destination with the same identifier (name{figure.5.1
}) has been already used, duplicate ignored

\@EveryShipout@Output ...@Org@Shipout \box \@cclv 
                                                  
l.235 
      ]
Underfull \vbox (badness 10000) has occurred while \output is active []

 [40]
[41pdfTeX warning (ext4): destination with the same identifier (name{figure.5.2
}) has been already used, duplicate ignored

\@EveryShipout@Output ...@Org@Shipout \box \@cclv 
                                                  
l.300 m 
        = True # m er yringin hvort a til s mjlk ea ekki, vi gef...
] [42] [43]

LaTeX Warning: Reference `lst:kast' on page 44 undefined on input line 412.

[44]) (lykkjur.tex [45] [46

]
Kafli 6.
File: Pictures/chapter_head_2.pdf Graphic file (type pdf)
<use Pictures/chapter_head_2.pdf>
Package pdftex.def Info: Pictures/chapter_head_2.pdf  used on input line 3.
(pdftex.def)             Requested size: 597.50787pt x 298.75726pt.
) (dict.tex [47] [48

]
Kafli 7.
File: Pictures/chapter_head_2.pdf Graphic file (type pdf)
<use Pictures/chapter_head_2.pdf>
Package pdftex.def Info: Pictures/chapter_head_2.pdf  used on input line 3.
(pdftex.def)             Requested size: 597.50787pt x 298.75726pt.
) (func.tex [49] [50

]
Kafli 8.
File: Pictures/chapter_head_2.pdf Graphic file (type pdf)
<use Pictures/chapter_head_2.pdf>
Package pdftex.def Info: Pictures/chapter_head_2.pdf  used on input line 3.
(pdftex.def)             Requested size: 597.50787pt x 298.75726pt.
) [51] [52

]
Kafli 9.
File: Pictures/chapter_head_2.pdf Graphic file (type pdf)
<use Pictures/chapter_head_2.pdf>
Package pdftex.def Info: Pictures/chapter_head_2.pdf  used on input line 146.
(pdftex.def)             Requested size: 597.50787pt x 298.75726pt.
Package mdframed Info: mdframed works in twoside mode on input line 155.
Package mdframed Info: mdframed detected package amsthm 
 changed the theorem header of amsthm
(mdframed)              on input line 155.
LaTeX Font Info:    Font shape `T1/pag/b/n' in size <10> not available
(Font)              Font shape `T1/pag/db/n' tried instead on input line 155.
Package mdframed Info: mdframed works in twoside mode on input line 166.
Package mdframed Info: mdframed detected package amsthm 
 changed the theorem header of amsthm
(mdframed)              on input line 166.
Package mdframed Info: mdframed works in twoside mode on input line 176.
Package mdframed Info: mdframed detected package amsthm 
 changed the theorem header of amsthm
(mdframed)              on input line 176.
[53]
LaTeX Font Info:    Font shape `OT1/ptm/bx/n' in size <10> not available
(Font)              Font shape `OT1/ptm/b/n' tried instead on input line 205.
LaTeX Font Info:    Font shape `OT1/ptm/bx/n' in size <7.4> not available
(Font)              Font shape `OT1/ptm/b/n' tried instead on input line 205.
Package mdframed Info: mdframed works in twoside mode on input line 214.
Package mdframed Info: mdframed detected package amsthm 
 changed the theorem header of amsthm
(mdframed)              on input line 214.
LaTeX Font Info:    Font shape `T1/pag/b/n' in size <6> not available
(Font)              Font shape `T1/pag/db/n' tried instead on input line 249.
 [54]
Package mdframed Info: mdframed works in twoside mode on input line 269.
Package mdframed Info: mdframed detected package amsthm 
 changed the theorem header of amsthm
(mdframed)              on input line 269.
 [55] [56

] (main.ptc) [57] [58]
Kafli 10.
File: Pictures/chapter_head_1.pdf Graphic file (type pdf)
<use Pictures/chapter_head_1.pdf>
Package pdftex.def Info: Pictures/chapter_head_1.pdf  used on input line 303.
(pdftex.def)             Requested size: 597.50787pt x 298.77907pt.
<Pictures/placeholder.jpg, id=1326, 351.3125pt x 193.72375pt>
File: Pictures/placeholder.jpg Graphic file (type jpg)
<use Pictures/placeholder.jpg>
Package pdftex.def Info: Pictures/placeholder.jpg  used on input line 330.
(pdftex.def)             Requested size: 175.6558pt x 96.86163pt.
[59

pdfTeX warning (ext4): destination with the same identifier (name{table.10.1}) 
has been already used, duplicate ignored

\@EveryShipout@Output ...@Org@Shipout \box \@cclv 
                                                  
l.342 \chapter
              *{Bibliography}pdfTeX warning (ext4): destination with the same i
dentifier (name{figure.10.1}) has been already used, duplicate ignored

\@EveryShipout@Output ...@Org@Shipout \box \@cclv 
                                                  
l.342 \chapter
              *{Bibliography} <./Pictures/placeholder.jpg>] [60

]
File: Pictures/chapter_head_1.pdf Graphic file (type pdf)
<use Pictures/chapter_head_1.pdf>
Package pdftex.def Info: Pictures/chapter_head_1.pdf  used on input line 342.
(pdftex.def)             Requested size: 597.50787pt x 298.77907pt.
 [61] [62

]
(main.ind
File: Pictures/chapter_head_1.pdf Graphic file (type pdf)
<use Pictures/chapter_head_1.pdf>
Package pdftex.def Info: Pictures/chapter_head_1.pdf  used on input line 1.
(pdftex.def)             Requested size: 597.50787pt x 298.77907pt.

Overfull \hbox (1.20001pt too wide) in paragraph at lines 3--4
[][] 
 []


Overfull \hbox (1.20001pt too wide) in paragraph at lines 10--11
[][] 
 []


Overfull \hbox (1.20001pt too wide) in paragraph at lines 16--17
[][] 
 []


Overfull \hbox (1.20001pt too wide) in paragraph at lines 25--26
[][] 
 []


Overfull \hbox (1.20001pt too wide) in paragraph at lines 31--32
[][] 
 []


Overfull \hbox (1.20001pt too wide) in paragraph at lines 40--41
[][] 
 []


Overfull \hbox (1.20001pt too wide) in paragraph at lines 46--47
[][] 
 []


Overfull \hbox (1.20001pt too wide) in paragraph at lines 56--57
[][] 
 []


Overfull \hbox (1.20001pt too wide) in paragraph at lines 62--63
[][] 
 []


Overfull \hbox (1.20001pt too wide) in paragraph at lines 71--72
[][] 
 []

[63

])
\tf@ptc=\write7
\openout7 = `main.ptc'.

Package atveryend Info: Empty hook `BeforeClearDocument' on input line 369.
Package atveryend Info: Empty hook `AfterLastShipout' on input line 369.
 (main.aux)
Package atveryend Info: Executing hook `AtVeryEndDocument' on input line 369.
Package atveryend Info: Empty hook `AtEndAfterFileList' on input line 369.


LaTeX Warning: There were undefined references.

Package logreq Info: Writing requests to 'main.run.xml'.
\openout1 = `main.run.xml'.

 ) 
Here is how much of TeX's memory you used:
 34884 strings out of 481225
 651109 string characters out of 2905237
 1521797 words of memory out of 3000000
 48775 multiletter control sequences out of 15000+200000
 667483 words of font info for 334 fonts, out of 3000000 for 9000
 1141 hyphenation exceptions out of 8191
 63i,15n,85p,973b,2957s stack positions out of 5000i,500n,10000p,200000b,50000s
{C:/Users/valborg/AppData/Local/Programs/MiKTeX/fonts/enc/dvips/base/8r.enc} 
<C:\Users\valborg\AppData\Local\MiKTeX\fonts/pk/ljfour/jknappen/ec/dpi600\ectt0
900.pk> <C:\Users\valborg\AppData\Local\MiKTeX\fonts/pk/ljfour/jknappen/ec/dpi6
00\ectt1095.pk><C:/Users/valborg/AppData/Local/Programs/MiKTeX/fonts/type1/publ
ic/amsfonts/cm/cmex10.pfb><C:/Users/valborg/AppData/Local/Programs/MiKTeX/fonts
/type1/public/amsfonts/cm/cmmi10.pfb><C:/Users/valborg/AppData/Local/Programs/M
iKTeX/fonts/type1/public/amsfonts/cm/cmr10.pfb><C:/Users/valborg/AppData/Local/
Programs/MiKTeX/fonts/type1/public/amsfonts/cm/cmsy10.pfb><C:/Users/valborg/App
Data/Local/Programs/MiKTeX/fonts/type1/public/amsfonts/symbols/msam10.pfb><C:/U
sers/valborg/AppData/Local/Programs/MiKTeX/fonts/type1/public/amsfonts/symbols/
msbm10.pfb><C:/Users/valborg/AppData/Local/Programs/MiKTeX/fonts/type1/public/r
sfs/rsfs10.pfb><C:/Users/valborg/AppData/Local/Programs/MiKTeX/fonts/type1/urw/
avantgar/uagd8a.pfb><C:/Users/valborg/AppData/Local/Programs/MiKTeX/fonts/type1
/urw/avantgar/uagk8a.pfb><C:/Users/valborg/AppData/Local/Programs/MiKTeX/fonts/
type1/urw/symbol/usyr.pfb><C:/Users/valborg/AppData/Local/Programs/MiKTeX/fonts
/type1/urw/symbol/usyr.pfb><C:/Users/valborg/AppData/Local/Programs/MiKTeX/font
s/type1/urw/times/utmb8a.pfb><C:/Users/valborg/AppData/Local/Programs/MiKTeX/fo
nts/type1/urw/times/utmr8a.pfb><C:/Users/valborg/AppData/Local/Programs/MiKTeX/
fonts/type1/urw/times/utmri8a.pfb>
Output written on main.pdf (63 pages, 727507 bytes).
PDF statistics:
 1882 PDF objects out of 2073 (max. 8388607)
 787 named destinations out of 1000 (max. 500000)
 68161 words of extra memory for PDF output out of 74296 (max. 10000000)

